<?xml version="1.0" encoding="UTF-8"?>
<!-- Generated by org.testng.reporters.JUnitReportReporter -->
<testsuite hostname="ASHWIN" failures="0" tests="1" name="tests.RegistrationTest_TC__001" time="18.577" errors="0" timestamp="2023-11-05T20:07:52 IST" skipped="0">
  <testcase classname="tests.RegistrationTest_TC__001" name="register" time="18.577"/>
</testsuite> <!-- tests.RegistrationTest_TC__001 -->
