<?xml version="1.0" encoding="UTF-8"?>
<!-- Generated by org.testng.reporters.JUnitReportReporter -->
<testsuite hostname="ASHWIN" failures="0" tests="4" name="tests.LoginTest" time="44.490" errors="0" timestamp="2023-11-28T21:19:43 IST" skipped="0">
  <testcase classname="tests.LoginTest" name="login" time="22.275"/>
  <testcase classname="tests.LoginTest" name="withInvalidUserName" time="6.243"/>
  <testcase classname="tests.LoginTest" name="withInvalidPassword" time="10.781"/>
  <testcase classname="tests.LoginTest" name="withoutUserNameAndPassword" time="5.191"/>
</testsuite> <!-- tests.LoginTest -->
