<?xml version="1.0" encoding="UTF-8"?>
<!-- Generated by org.testng.reporters.JUnitReportReporter -->
<testsuite hostname="ASHWIN" failures="0" tests="1" name="tests.RegistrationTest" time="20.076" errors="0" timestamp="2023-11-28T21:20:33 IST" skipped="0">
  <testcase classname="tests.RegistrationTest" name="register" time="20.076"/>
</testsuite> <!-- tests.RegistrationTest -->
