<?xml version="1.0" encoding="UTF-8"?>
<!-- Generated by org.testng.reporters.JUnitReportReporter -->
<testsuite hostname="ASHWIN" failures="0" tests="1" name="tests.AddBilling" time="9.567" errors="0" timestamp="2023-11-07T22:30:01 IST" skipped="0">
  <testcase classname="tests.AddBilling" name="addBill" time="9.567"/>
</testsuite> <!-- tests.AddBilling -->
