<?xml version="1.0" encoding="UTF-8"?>
<!-- Generated by org.testng.reporters.JUnitReportReporter -->
<testsuite hostname="ASHWIN" failures="0" tests="1" name="tests.AddPrescription" time="29.241" errors="0" timestamp="2023-11-08T05:10:36 IST" skipped="0">
  <testcase classname="tests.AddPrescription" name="addPrescription" time="29.241"/>
</testsuite> <!-- tests.AddPrescription -->
