<?xml version="1.0" encoding="UTF-8"?>
<!-- Generated by org.testng.reporters.JUnitReportReporter -->
<testsuite hostname="ASHWIN" failures="0" tests="4" name="tests.LoginTest_TC__002" time="41.076" errors="0" timestamp="2023-11-06T09:13:51 IST" skipped="0">
  <testcase classname="tests.LoginTest_TC__002" name="login" time="20.850"/>
  <testcase classname="tests.LoginTest_TC__002" name="withInvalidUserName" time="5.408"/>
  <testcase classname="tests.LoginTest_TC__002" name="withInvalidPassword" time="9.024"/>
  <testcase classname="tests.LoginTest_TC__002" name="withoutUserNameAndPassword" time="5.794"/>
</testsuite> <!-- tests.LoginTest_TC__002 -->
