<?xml version="1.0" encoding="UTF-8"?>
<!-- Generated by org.testng.reporters.JUnitReportReporter -->
<testsuite hostname="ASHWIN" failures="0" tests="5" name="tests.TC__001_LoginTest" time="24.774" errors="1" timestamp="2023-10-31T17:01:23 IST" skipped="4">
  <testcase classname="tests.TC__001_LoginTest" name="openAndroidApk" time="24.773">
    <error message="Could not start a new session. Response code 500. Message: An unknown server-side error occurred while processing the command. Original error: &#039;GET /appium/device/pixel_ratio&#039; cannot be proxied to UiAutomator2 server because the instrumentation process is not running (probably crashed). Check the server log and/or the logcat output for more details 
Host info: host: &#039;ASHWIN&#039;, ip: &#039;192.168.1.67&#039;
Build info: version: &#039;4.14.1&#039;, revision: &#039;03f8ede370&#039;
System info: os.name: &#039;Windows 11&#039;, os.arch: &#039;amd64&#039;, os.version: &#039;10.0&#039;, java.version: &#039;20.0.1&#039;
Driver info: io.appium.java_client.android.AndroidDriver
Command: [null, newSession {capabilities=[{appium:noReset=true, appium:appActivity=com.clinic.myclinic.SplashScreenActivity , appium:deviceName=emulator-5554, platformName=ANDROID, appium:automationName=UiAutomator2, appium:app=C:\Users\vashw\Downloads\Telegram Desktop\MedoPract.apk, appium:platformVersion=14, appium:appPackage=com.aanksolutions.medopract}], desiredCapabilities=Capabilities {appium:app: C:\Users\vashw\Downloads\Te..., appium:appActivity: com.clinic.myclinic.SplashS..., appium:appPackage: com.aanksolutions.medopract, appium:automationName: UiAutomator2, appium:deviceName: emulator-5554, appium:noReset: true, appium:platformVersion: 14, platformName: ANDROID}}]
Capabilities {appium:app: C:\Users\vashw\Downloads\Te..., appium:appActivity: com.clinic.myclinic.SplashS..., appium:appPackage: com.aanksolutions.medopract, appium:automationName: UiAutomator2, appium:deviceName: emulator-5554, appium:noReset: true, appium:platformVersion: 14, platformName: ANDROID}" type="org.openqa.selenium.SessionNotCreatedException">
      <![CDATA[org.openqa.selenium.SessionNotCreatedException: Could not start a new session. Response code 500. Message: An unknown server-side error occurred while processing the command. Original error: 'GET /appium/device/pixel_ratio' cannot be proxied to UiAutomator2 server because the instrumentation process is not running (probably crashed). Check the server log and/or the logcat output for more details 
Host info: host: 'ASHWIN', ip: '192.168.1.67'
Build info: version: '4.14.1', revision: '03f8ede370'
System info: os.name: 'Windows 11', os.arch: 'amd64', os.version: '10.0', java.version: '20.0.1'
Driver info: io.appium.java_client.android.AndroidDriver
Command: [null, newSession {capabilities=[{appium:noReset=true, appium:appActivity=com.clinic.myclinic.SplashScreenActivity , appium:deviceName=emulator-5554, platformName=ANDROID, appium:automationName=UiAutomator2, appium:app=C:\Users\vashw\Downloads\Telegram Desktop\MedoPract.apk, appium:platformVersion=14, appium:appPackage=com.aanksolutions.medopract}], desiredCapabilities=Capabilities {appium:app: C:\Users\vashw\Downloads\Te..., appium:appActivity: com.clinic.myclinic.SplashS..., appium:appPackage: com.aanksolutions.medopract, appium:automationName: UiAutomator2, appium:deviceName: emulator-5554, appium:noReset: true, appium:platformVersion: 14, platformName: ANDROID}}]
Capabilities {appium:app: C:\Users\vashw\Downloads\Te..., appium:appActivity: com.clinic.myclinic.SplashS..., appium:appPackage: com.aanksolutions.medopract, appium:automationName: UiAutomator2, appium:deviceName: emulator-5554, appium:noReset: true, appium:platformVersion: 14, platformName: ANDROID}
at org.openqa.selenium.remote.ProtocolHandshake.createSession(ProtocolHandshake.java:140)
at java.base/jdk.internal.reflect.DirectMethodHandleAccessor.invoke(DirectMethodHandleAccessor.java:104)
at java.base/java.lang.reflect.Method.invoke(Method.java:578)
at io.appium.java_client.remote.AppiumProtocolHandshake.createSession(AppiumProtocolHandshake.java:133)
at io.appium.java_client.remote.AppiumProtocolHandshake.createSession(AppiumProtocolHandshake.java:102)
at io.appium.java_client.remote.AppiumCommandExecutor.createSession(AppiumCommandExecutor.java:177)
at io.appium.java_client.remote.AppiumCommandExecutor.execute(AppiumCommandExecutor.java:238)
at org.openqa.selenium.remote.RemoteWebDriver.execute(RemoteWebDriver.java:602)
at io.appium.java_client.AppiumDriver.startSession(AppiumDriver.java:268)
at org.openqa.selenium.remote.RemoteWebDriver.<init>(RemoteWebDriver.java:163)
at io.appium.java_client.AppiumDriver.<init>(AppiumDriver.java:90)
at io.appium.java_client.AppiumDriver.<init>(AppiumDriver.java:102)
at io.appium.java_client.android.AndroidDriver.<init>(AndroidDriver.java:109)
at genericPages.CommonMethod.initializeDriver(CommonMethod.java:122)
at tests.TC__001_LoginTest.openAndroidApk(TC__001_LoginTest.java:26)
at java.base/jdk.internal.reflect.DirectMethodHandleAccessor.invoke(DirectMethodHandleAccessor.java:104)
at java.base/java.lang.reflect.Method.invoke(Method.java:578)
at org.testng.internal.invokers.MethodInvocationHelper.invokeMethod(MethodInvocationHelper.java:139)
at org.testng.internal.invokers.MethodInvocationHelper.invokeMethodConsideringTimeout(MethodInvocationHelper.java:69)
at org.testng.internal.invokers.ConfigInvoker.invokeConfigurationMethod(ConfigInvoker.java:390)
at org.testng.internal.invokers.ConfigInvoker.invokeConfigurations(ConfigInvoker.java:325)
at org.testng.internal.invokers.TestMethodWorker.invokeBeforeClassMethods(TestMethodWorker.java:180)
at org.testng.internal.invokers.TestMethodWorker.run(TestMethodWorker.java:122)
at java.base/java.util.ArrayList.forEach(ArrayList.java:1511)
at org.testng.TestRunner.privateRun(TestRunner.java:848)
at org.testng.TestRunner.run(TestRunner.java:621)
at org.testng.SuiteRunner.runTest(SuiteRunner.java:443)
at org.testng.SuiteRunner.runSequentially(SuiteRunner.java:437)
at org.testng.SuiteRunner.privateRun(SuiteRunner.java:397)
at org.testng.SuiteRunner.run(SuiteRunner.java:336)
at org.testng.SuiteRunnerWorker.runSuite(SuiteRunnerWorker.java:52)
at org.testng.SuiteRunnerWorker.run(SuiteRunnerWorker.java:95)
at org.testng.TestNG.runSuitesSequentially(TestNG.java:1280)
at org.testng.TestNG.runSuitesLocally(TestNG.java:1200)
at org.testng.TestNG.runSuites(TestNG.java:1114)
at org.testng.TestNG.run(TestNG.java:1082)
at org.testng.remote.AbstractRemoteTestNG.run(AbstractRemoteTestNG.java:115)
at org.testng.remote.RemoteTestNG.initAndRun(RemoteTestNG.java:251)
at org.testng.remote.RemoteTestNG.main(RemoteTestNG.java:77)
]]>
    </error>
  </testcase> <!-- openAndroidApk -->
  <testcase classname="tests.TC__001_LoginTest" name="login" time="0.000">
    <skipped/>
  </testcase> <!-- login -->
  <testcase classname="tests.TC__001_LoginTest" name="withInvalidUserName" time="0.000">
    <skipped/>
  </testcase> <!-- withInvalidUserName -->
  <testcase classname="tests.TC__001_LoginTest" name="withInvalidPassword" time="0.001">
    <skipped/>
  </testcase> <!-- withInvalidPassword -->
  <testcase classname="tests.TC__001_LoginTest" name="withoutUserNameAndPassword" time="0.000">
    <skipped/>
  </testcase> <!-- withoutUserNameAndPassword -->
</testsuite> <!-- tests.TC__001_LoginTest -->
